Initialized native services in: C:\Users\ROBIN\.gradle\native
Initialized jansi services in: C:\Users\ROBIN\.gradle\native
Found daemon DaemonInfo{pid=20688, address=[b79bcbc5-0a3d-4b9f-8f83-6f34717880cf port:64621, addresses:[/127.0.0.1]], state=Idle, lastBusy=1768231959689, context=DefaultDaemonContext[uid=f215719f-48b3-476f-b6d4-5977ac0d54c7,javaHome=C:\Program Files\Android\Android Studio\jbr,javaVersion=21,javaVendor=JetBrains s.r.o.,daemonRegistryDir=C:\Users\ROBIN\.gradle\daemon,pid=20688,idleTimeout=10800000,priority=NORMAL,applyInstrumentationAgent=true,nativeServicesMode=ENABLED,daemonOpts=-XX:MaxMetaspaceSize=4G,-XX:ReservedCodeCacheSize=512m,-XX:+HeapDumpOnOutOfMemoryError,-Xmx8G,-Dfile.encoding=UTF-8,-Duser.country=US,-Duser.language=en,-Duser.variant]} however its context does not match the desired criteria.
JVM is incompatible.
Wanted: DaemonRequestContext{jvmCriteria=C:\Program Files\Eclipse Adoptium\jdk-11.0.29.7-hotspot (no JDK specified, using current Java home), daemonOpts=[-XX:MaxMetaspaceSize=4G, -XX:ReservedCodeCacheSize=512m, -XX:+HeapDumpOnOutOfMemoryError, -Xmx8G, -Dfile.encoding=windows-1252, -Duser.country=US, -Duser.language=en, -Duser.variant], applyInstrumentationAgent=true, nativeServicesMode=ENABLED, priority=NORMAL}
Actual: DefaultDaemonContext[uid=f215719f-48b3-476f-b6d4-5977ac0d54c7,javaHome=C:\Program Files\Android\Android Studio\jbr,javaVersion=21,javaVendor=JetBrains s.r.o.,daemonRegistryDir=C:\Users\ROBIN\.gradle\daemon,pid=20688,idleTimeout=10800000,priority=NORMAL,applyInstrumentationAgent=true,nativeServicesMode=ENABLED,daemonOpts=-XX:MaxMetaspaceSize=4G,-XX:ReservedCodeCacheSize=512m,-XX:+HeapDumpOnOutOfMemoryError,-Xmx8G,-Dfile.encoding=UTF-8,-Duser.country=US,-Duser.language=en,-Duser.variant]

  Looking for a different daemon...
The client will now receive all logging from the daemon (pid: 15308). The daemon log file: C:\Users\ROBIN\.gradle\daemon\8.12\daemon-15308.out.log
Starting 2nd build in daemon [uptime: 33 mins 49.817 secs, performance: 100%, GC rate: 0.00/s, heap usage: 0% of 8 GiB, non-heap usage: 3% of 4 GiB]
Using 12 worker leases.
Invalidating in-memory cache of C:\Users\ROBIN\OneDrive\Desktop\Hardik Rent\android\.gradle\8.12\fileHashes\fileHashes.bin
Invalidating in-memory cache of C:\Users\ROBIN\OneDrive\Desktop\Hardik Rent\android\.gradle\buildOutputCleanup\outputFiles.bin
Invalidating in-memory cache of C:\Users\ROBIN\OneDrive\Desktop\Hardik Rent\android\.gradle\8.12\fileHashes\resourceHashesCache.bin
Now considering [C:\Users\ROBIN\OneDrive\Desktop\Hardik Rent\android, C:\flutter\packages\flutter_tools\gradle] as hierarchies to watch
Watching the file system is configured to be enabled if available
File system watching is active
Starting Build
Invalidating in-memory cache of C:\Users\ROBIN\OneDrive\Desktop\Hardik Rent\android\.gradle\8.12\checksums\md5-checksums.bin
Invalidating in-memory cache of C:\Users\ROBIN\OneDrive\Desktop\Hardik Rent\android\.gradle\8.12\checksums\sha1-checksums.bin
Invalidating in-memory cache of C:\Users\ROBIN\OneDrive\Desktop\Hardik Rent\android\.gradle\8.12\checksums\sha256-checksums.bin
Invalidating in-memory cache of C:\Users\ROBIN\OneDrive\Desktop\Hardik Rent\android\.gradle\8.12\checksums\sha512-checksums.bin
Now considering [C:\flutter\packages\flutter_tools\gradle, C:\Users\ROBIN\OneDrive\Desktop\Hardik Rent\android] as hierarchies to watch
Invalidating in-memory cache of C:\flutter\packages\flutter_tools\gradle\.gradle\buildOutputCleanup\outputFiles.bin

> Configure project :gradle
Evaluating project ':gradle' using build file 'C:\flutter\packages\flutter_tools\gradle\build.gradle.kts'.
Resolved plugin [id: 'org.gradle.java-gradle-plugin']
Resolved plugin [id: 'org.gradle.groovy']
Resolved plugin [id: 'org.gradle.kotlin.kotlin-dsl', version: '5.1.2']
Resolved plugin [id: 'org.jetbrains.kotlin.jvm', version: '1.9.20']
Invalidating in-memory cache of C:\Users\ROBIN\.gradle\caches\journal-1\file-access.bin
Invalidating in-memory cache of C:\Users\ROBIN\.gradle\caches\8.12\fileHashes\fileHashes.bin
Invalidating in-memory cache of C:\Users\ROBIN\.gradle\caches\8.12\fileHashes\resourceHashesCache.bin
Using Kotlin Gradle Plugin gradle85 variant
kotlin scripting plugin: created the scripting discovery configuration: kotlinScriptDef
kotlin scripting plugin: created the scripting discovery configuration: testKotlinScriptDef
file or directory 'C:\flutter\packages\flutter_tools\gradle\src\main\java', not found
Resolved plugin [id: 'dev.flutter.flutter-plugin-loader', version: '1.0.0']
Resolved plugin [id: 'com.android.application', version: '8.9.1', apply: false]
Resolved plugin [id: 'org.jetbrains.kotlin.android', version: '2.1.0', apply: false]
Resolve mutations for :gradle:checkKotlinGradlePluginConfigurationErrors (Thread[Execution worker,5,main]) started.
:gradle:checkKotlinGradlePluginConfigurationErrors (Thread[Execution worker,5,main]) started.
Invalidating in-memory cache of C:\flutter\packages\flutter_tools\gradle\.gradle\8.12\executionHistory\executionHistory.bin

> Task :gradle:checkKotlinGradlePluginConfigurationErrors SKIPPED
Skipping task ':gradle:checkKotlinGradlePluginConfigurationErrors' as task onlyIf 'errorDiagnostics are present' is false.
Resolve mutations for :gradle:compileKotlin (Thread[Execution worker,5,main]) started.
:gradle:compileKotlin (Thread[Execution worker,5,main]) started.
Resolve mutations for :gradle:pluginDescriptors (Thread[Execution worker Thread 4,5,main]) started.
:gradle:pluginDescriptors (Thread[Execution worker Thread 4,5,main]) started.

> Task :gradle:pluginDescriptors UP-TO-DATE
Caching disabled for task ':gradle:pluginDescriptors' because:
  Build cache is disabled
  Not worth caching
Skipping task ':gradle:pluginDescriptors' as it is up-to-date.
Resolve mutations for :gradle:processResources (Thread[Execution worker Thread 4,5,main]) started.
:gradle:processResources (Thread[Execution worker Thread 4,5,main]) started.

> Task :gradle:processResources
Caching disabled for task ':gradle:processResources' because:
  Build cache is disabled
  Not worth caching
Task ':gradle:processResources' is not up-to-date because:
  Value of input property 'rootSpec$1.filteringCharset' has changed for task ':gradle:processResources'
  Value of input property 'rootSpec$2.filteringCharset' has changed for task ':gradle:processResources'
file or directory 'C:\flutter\packages\flutter_tools\gradle\src\main\resources', not found

> Task :gradle:compileKotlin
Caching disabled for task ':gradle:compileKotlin' because:
  Build cache is disabled
Task ':gradle:compileKotlin' is not up-to-date because:
  Value of input property 'kotlinJavaToolchainProvider.javaVersion' has changed for task ':gradle:compileKotlin'
The input changes require a full rebuild for incremental task ':gradle:compileKotlin'.
file or directory 'C:\flutter\packages\flutter_tools\gradle\src\main\java', not found
file or directory 'C:\flutter\packages\flutter_tools\gradle\src\main\java', not found
file or directory 'C:\flutter\packages\flutter_tools\gradle\src\main\java', not found
file or directory 'C:\flutter\packages\flutter_tools\gradle\src\main\java', not found
Kotlin source files: C:\flutter\packages\flutter_tools\gradle\src\main\kotlin\AppLinkSettings.kt, C:\flutter\packages\flutter_tools\gradle\src\main\kotlin\BaseApplicationNameHandler.kt, C:\flutter\packages\flutter_tools\gradle\src\main\kotlin\Deeplink.kt, C:\flutter\packages\flutter_tools\gradle\src\main\kotlin\DependencyVersionChecker.kt, C:\flutter\packages\flutter_tools\gradle\src\main\kotlin\FlutterAppPluginLoaderPlugin.kt, C:\flutter\packages\flutter_tools\gradle\src\main\kotlin\FlutterExtension.kt, C:\flutter\packages\flutter_tools\gradle\src\main\kotlin\FlutterPlugin.kt, C:\flutter\packages\flutter_tools\gradle\src\main\kotlin\FlutterPluginConstants.kt, C:\flutter\packages\flutter_tools\gradle\src\main\kotlin\FlutterPluginUtils.kt, C:\flutter\packages\flutter_tools\gradle\src\main\kotlin\IntentFilterCheck.kt, C:\flutter\packages\flutter_tools\gradle\src\main\kotlin\NativePluginLoaderReflectionBridge.kt, C:\flutter\packages\flutter_tools\gradle\src\main\kotlin\plugins\PluginHandler.kt, C:\flutter\packages\flutter_tools\gradle\src\main\kotlin\tasks\BaseFlutterTask.kt, C:\flutter\packages\flutter_tools\gradle\src\main\kotlin\tasks\BaseFlutterTaskHelper.kt, C:\flutter\packages\flutter_tools\gradle\src\main\kotlin\tasks\DeepLinkJsonFromManifestTask.kt, C:\flutter\packages\flutter_tools\gradle\src\main\kotlin\tasks\DeepLinkJsonFromManifestTaskHelper.kt, C:\flutter\packages\flutter_tools\gradle\src\main\kotlin\tasks\FlutterTask.kt, C:\flutter\packages\flutter_tools\gradle\src\main\kotlin\tasks\FlutterTaskHelper.kt, C:\flutter\packages\flutter_tools\gradle\src\main\kotlin\VersionFetcher.kt, C:\flutter\packages\flutter_tools\gradle\src\main\kotlin\VersionUtils.kt
Java source files: 
Script source files: 
Script file extensions: 
Using Kotlin/JVM incremental compilation
[KOTLIN] Kotlin compilation 'jdkHome' argument: C:\Program Files\Eclipse Adoptium\jdk-11.0.29.7-hotspot
Options for KOTLIN DAEMON: IncrementalCompilationOptions(super=CompilationOptions(compilerMode=INCREMENTAL_COMPILER, targetPlatform=JVM, reportCategories=[0, 3], reportSeverity=2, requestedCompilationResults=[0], kotlinScriptExtensions=[]), areFileChangesKnown=false, modifiedFiles=null, deletedFiles=null, classpathChanges=NotAvailableForNonIncrementalRun, workingDir=C:\flutter\packages\flutter_tools\gradle\build\kotlin\compileKotlin\cacheable, multiModuleICSettings=MultiModuleICSettings(buildHistoryFile=C:\flutter\packages\flutter_tools\gradle\build\kotlin\compileKotlin\local-state\build-history.bin, useModuleDetection=false), usePreciseJavaTracking=true, icFeatures=IncrementalCompilationFeatures(withAbiSnapshot=false, preciseCompilationResultsBackup=true, keepIncrementalCompilationCachesInMemory=true, enableUnsafeIncrementalCompilationForMultiplatform=false), outputFiles=[C:\flutter\packages\flutter_tools\gradle\build\classes\kotlin\main, C:\flutter\packages\flutter_tools\gradle\build\kotlin\compileKotlin\cacheable, C:\flutter\packages\flutter_tools\gradle\build\kotlin\compileKotlin\local-state])
w: file:///C:/flutter/packages/flutter_tools/gradle/src/main/kotlin/FlutterPlugin.kt:11:37 'ApkVariant' is deprecated. Deprecated in Java
w: file:///C:/flutter/packages/flutter_tools/gradle/src/main/kotlin/FlutterPlugin.kt:609:69 'ApkVariant' is deprecated. Deprecated in Java
w: file:///C:/flutter/packages/flutter_tools/gradle/src/main/kotlin/plugins/PluginHandler.kt:186:64 Unchecked cast: NamedDomainObjectContainer<out BuildType> to NamedDomainObjectContainer<BuildType>
w: file:///C:/flutter/packages/flutter_tools/gradle/src/main/kotlin/plugins/PluginHandler.kt:187:69 Unchecked cast: NamedDomainObjectContainer<out BuildType> to NamedDomainObjectContainer<BuildType>
Finished executing kotlin compiler using DAEMON strategy
Resolve mutations for :gradle:compileJava (Thread[Execution worker,5,main]) started.
:gradle:compileJava (Thread[Execution worker,5,main]) started.

> Task :gradle:compileJava NO-SOURCE
Skipping task ':gradle:compileJava' as it has no source files and no previous output files.
Resolve mutations for :gradle:compileGroovy (Thread[Execution worker,5,main]) started.
:gradle:compileGroovy (Thread[Execution worker,5,main]) started.

> Task :gradle:compileGroovy NO-SOURCE
Skipping task ':gradle:compileGroovy' as it has no source files and no previous output files.
Resolve mutations for :gradle:classes (Thread[Execution worker,5,main]) started.
:gradle:classes (Thread[Execution worker,5,main]) started.

> Task :gradle:classes
Skipping task ':gradle:classes' as it has no actions.
Resolve mutations for :gradle:jar (Thread[Execution worker,5,main]) started.
:gradle:jar (Thread[Execution worker,5,main]) started.

> Task :gradle:jar
Caching disabled for task ':gradle:jar' because:
  Build cache is disabled
  Not worth caching
Task ':gradle:jar' is not up-to-date because:
  Value of input property 'rootSpec$1.filteringCharset' has changed for task ':gradle:jar'
  Value of input property 'rootSpec$2$1.filteringCharset' has changed for task ':gradle:jar'
  Value of input property 'rootSpec$2.filteringCharset' has changed for task ':gradle:jar'
file or directory 'C:\flutter\packages\flutter_tools\gradle\build\classes\java\main', not found
file or directory 'C:\flutter\packages\flutter_tools\gradle\build\classes\groovy\main', not found
Settings evaluated using settings file 'C:\Users\ROBIN\OneDrive\Desktop\Hardik Rent\android\settings.gradle.kts'.
Projects loaded. Root project using build file 'C:\Users\ROBIN\OneDrive\Desktop\Hardik Rent\android\build.gradle.kts'.
Included projects: [root project 'android', project ':app', project ':cloud_firestore', project ':cloud_functions', project ':file_picker', project ':firebase_auth', project ':firebase_core', project ':firebase_messaging', project ':firebase_storage', project ':flutter_local_notifications', project ':flutter_plugin_android_lifecycle', project ':flutter_secure_storage', project ':fluttertoast', project ':image_picker_android', project ':local_auth_android', project ':path_provider_android', project ':printing', project ':razorpay_flutter', project ':share_plus', project ':sqflite_android']

> Configure project :app
Evaluating project ':app' using build file 'C:\Users\ROBIN\OneDrive\Desktop\Hardik Rent\android\app\build.gradle.kts'.
Caching disabled for Kotlin DSL script compilation (Project/TopLevel/stage1) because:
  Build cache is disabled
Resolved plugin [id: 'com.android.application']
Resolved plugin [id: 'kotlin-android']
Resolved plugin [id: 'dev.flutter.flutter-gradle-plugin']

> Configure project :
Evaluating root project 'android' using build file 'C:\Users\ROBIN\OneDrive\Desktop\Hardik Rent\android\build.gradle.kts'.

[Incubating] Problems report is available at: file:///C:/Users/ROBIN/OneDrive/Desktop/Hardik%20Rent/android/build/reports/problems/problems-report.html

FAILURE: Build failed with an exception.

* Where:
Build file 'C:\Users\ROBIN\OneDrive\Desktop\Hardik Rent\android\app\build.gradle.kts' line: 1

* What went wrong:
An exception occurred applying plugin request [id: 'com.android.application']
> Failed to apply plugin 'com.android.internal.application'.
   > Android Gradle plugin requires Java 17 to run. You are currently using Java 11.
      Your current JDK is located in C:\Program Files\Eclipse Adoptium\jdk-11.0.29.7-hotspot
      You can try some of the following options:
       - changing the IDE settings.
       - changing the JAVA_HOME environment variable.
       - changing `org.gradle.java.home` in `gradle.properties`.

* Try:
> Run with --stacktrace option to get the stack trace.
> Run with --debug option to get more log output.
> Run with --scan to get full insights.
> Get more help at https://help.gradle.org.

Deprecated Gradle features were used in this build, making it incompatible with Gradle 9.0.

You can use '--warning-mode all' to show the individual deprecation warnings and determine if they come from your own scripts or plugins.

For more on this, please refer to https://docs.gradle.org/8.12/userguide/command_line_interface.html#sec:command_line_warnings in the Gradle documentation.

BUILD FAILED in 13s
4 actionable tasks: 3 executed, 1 up-to-date
Watched directory hierarchies: [C:\flutter\packages\flutter_tools\gradle]
